# This file contains information about inputs as read by the program

 Population size = 1000
 Number of generations = 100
 Number of objective functions = 3
 Number of constraints = 0
 Number of real variables = 12
 Lower limit of real variable 1 = 1.000000e-04
 Upper limit of real variable 1 = 2.000000e-01
 Lower limit of real variable 2 = 1.000000e-04
 Upper limit of real variable 2 = 2.000000e-01
 Lower limit of real variable 3 = 1.000000e-01
 Upper limit of real variable 3 = 6.000000e-01
 Lower limit of real variable 4 = 1.000000e-02
 Upper limit of real variable 4 = 2.000000e-01
 Lower limit of real variable 5 = -2.000000e+00
 Upper limit of real variable 5 = -1.000000e-03
 Lower limit of real variable 6 = 1.000000e-01
 Upper limit of real variable 6 = 6.000000e-01
 Lower limit of real variable 7 = -2.000000e-01
 Upper limit of real variable 7 = -1.000000e-02
 Lower limit of real variable 8 = 1.000000e-03
 Upper limit of real variable 8 = 2.000000e+00
 Lower limit of real variable 9 = 0.000000e+00
 Upper limit of real variable 9 = 1.000000e-01
 Lower limit of real variable 10 = 0.000000e+00
 Upper limit of real variable 10 = 1.000000e-01
 Lower limit of real variable 11 = 0.000000e+00
 Upper limit of real variable 11 = 1.000000e+01
 Lower limit of real variable 12 = 0.000000e+00
 Upper limit of real variable 12 = 2.000000e+01
 Probability of crossover of real variable = 9.000000e-01
 Probability of mutation of real variable = 3.300000e-02
 Distribution index for crossover = 1.500000e+01
 Distribution index for mutation = 2.000000e+01
 Number of binary variables = 0
 Seed for random number generator = 7.376036e+08
 Number of crossover of real variable = 44591
 Number of mutation of real variable = 39162